<?xml version="1.0" encoding="UTF-8"?>
<!-- Generated by org.testng.reporters.JUnitReportReporter -->
<testsuite ignored="0" hostname="LAPTOP-SUGMSHVL" failures="0" tests="1" name="testing.Ejemplo_hardAssert" time="6.370" errors="0" timestamp="06 nov. 2021 15:52:38 GMT" skipped="0">
  <testcase classname="testing.Ejemplo_hardAssert" name="verificarTitulo" time="6.370"/>
</testsuite> <!-- testing.Ejemplo_hardAssert -->
