<?xml version="1.0" encoding="UTF-8"?>
<!-- Generated by org.testng.reporters.JUnitReportReporter -->
<testsuite ignored="0" hostname="LAPTOP-SUGMSHVL" failures="0" tests="1" name="loginTest.TC_01_Login" time="2.272" errors="0" timestamp="13 nov. 2021 15:36:39 GMT" skipped="0">
  <testcase classname="loginTest.TC_01_Login" name="TC_01" time="2.272"/>
</testsuite> <!-- loginTest.TC_01_Login -->
