<?xml version="1.0" encoding="UTF-8"?>
<!-- Generated by org.testng.reporters.JUnitReportReporter -->
<testsuite ignored="0" hostname="LAPTOP-SUGMSHVL" failures="0" tests="1" name="loginTest.TC_02_Logout" time="18.913" errors="0" timestamp="13 nov. 2021 15:36:39 GMT" skipped="0">
  <testcase classname="loginTest.TC_02_Logout" name="TC_01" time="18.913"/>
</testsuite> <!-- loginTest.TC_02_Logout -->
