<?xml version="1.0" encoding="UTF-8"?>
<!-- Generated by org.testng.reporters.JUnitReportReporter -->
<testsuite ignored="0" hostname="LAPTOP-SUGMSHVL" failures="0" tests="1" name="testing.NewTest" time="11.114" errors="0" timestamp="16 oct. 2021 15:44:27 GMT" skipped="0">
  <testcase classname="testing.NewTest" name="f" time="11.114"/>
</testsuite> <!-- testing.NewTest -->
