<?xml version="1.0" encoding="UTF-8"?>
<!-- Generated by org.testng.reporters.JUnitReportReporter -->
<testsuite hostname="LAPTOP-SUGMSHVL" failures="0" tests="1" name="loginTest.TC_05_Login" time="3.347" errors="0" timestamp="2021-11-13T10:56:56 CST" skipped="0">
  <testcase classname="loginTest.TC_05_Login" name="TC_05" time="3.347"/>
  <system-out/>
</testsuite> <!-- loginTest.TC_05_Login -->
