<?xml version="1.0" encoding="UTF-8"?>
<!-- Generated by org.testng.reporters.JUnitReportReporter -->
<testsuite hostname="LAPTOP-SUGMSHVL" failures="0" tests="1" name="loginTest.TC_06_Login" time="5.364" errors="0" timestamp="2021-11-13T11:35:06 CST" skipped="0">
  <testcase classname="loginTest.TC_06_Login" name="TC_06" time="5.364"/>
  <system-out/>
</testsuite> <!-- loginTest.TC_06_Login -->
