<?xml version="1.0" encoding="UTF-8"?>
<!-- Generated by org.testng.reporters.JUnitReportReporter -->
<testsuite ignored="0" hostname="LAPTOP-SUGMSHVL" failures="0" tests="1" name="loginTest.TC_04_Login" time="5.166" errors="0" timestamp="13 nov. 2021 14:56:04 GMT" skipped="0">
  <testcase classname="loginTest.TC_04_Login" name="TC_04" time="5.166"/>
</testsuite> <!-- loginTest.TC_04_Login -->
